#
# There is insufficient memory for the Java Runtime Environment to continue.
# Native memory allocation (mmap) failed to map 67108864 bytes for G1 virtual space
# Possible reasons:
#   The system is out of physical RAM or swap space
#   The process is running with CompressedOops enabled, and the Java Heap may be blocking the growth of the native heap
# Possible solutions:
#   Reduce memory load on the system
#   Increase physical memory or swap space
#   Check if swap backing store is full
#   Decrease Java heap size (-Xmx/-Xms)
#   Decrease number of Java threads
#   Decrease Java thread stack sizes (-Xss)
#   Set larger code cache with -XX:ReservedCodeCacheSize=
#   JVM is running with Unscaled Compressed Oops mode in which the Java heap is
#     placed in the first 4GB address space. The Java Heap base address is the
#     maximum limit for the native heap growth. Please use -XX:HeapBaseMinAddress
#     to set the Java Heap base and to place the Java Heap above 4GB virtual address.
# This output file may be truncated or incomplete.
#
#  Out of Memory Error (os_windows.cpp:3613), pid=1068, tid=14436
#
# JRE version:  (17.0.9+9) (build )
# Java VM: OpenJDK 64-Bit Server VM (17.0.9+9-adhoc..jdk17u, mixed mode, sharing, tiered, compressed oops, compressed class ptrs, g1 gc, windows-amd64)
# No core dump will be written. Minidumps are not enabled by default on client versions of Windows
#

---------------  S U M M A R Y ------------

Command Line: -Xmx64m -Xms64m -Dorg.gradle.appname=gradlew org.gradle.wrapper.GradleWrapperMain app:installDebug -PreactNativeDevServerPort=8081

Host: Intel(R) Core(TM) i5-5200U CPU @ 2.20GHz, 4 cores, 7G,  Windows 10 , 64 bit Build 19041 (10.0.19041.4842)
Time: Tue Sep 17 19:33:22 2024 India Standard Time elapsed time: 0.035298 seconds (0d 0h 0m 0s)

---------------  T H R E A D  ---------------

Current thread (0x00000196a8b14270):  JavaThread "Unknown thread" [_thread_in_vm, id=14436, stack(0x00000080c6500000,0x00000080c6600000)]

Stack: [0x00000080c6500000,0x00000080c6600000]
Native frames: (J=compiled Java code, j=interpreted, Vv=VM code, C=native code)
V  [jvm.dll+0x67cf49]
V  [jvm.dll+0x83478a]
V  [jvm.dll+0x83624e]
V  [jvm.dll+0x8368b3]
V  [jvm.dll+0x247f1f]
V  [jvm.dll+0x679d69]
V  [jvm.dll+0x66e6ba]
V  [jvm.dll+0x307e5b]
V  [jvm.dll+0x30f306]
V  [jvm.dll+0x35f0ce]
V  [jvm.dll+0x35f2ff]
V  [jvm.dll+0x2dea58]
V  [jvm.dll+0x2df9c4]
V  [jvm.dll+0x806031]
V  [jvm.dll+0x36cf31]
V  [jvm.dll+0x7e4aac]
V  [jvm.dll+0x3f07af]
V  [jvm.dll+0x3f23e1]
C  [jli.dll+0x528f]
C  [ucrtbase.dll+0x21bb2]
C  [KERNEL32.DLL+0x17374]
C  [ntdll.dll+0x4cc91]


---------------  P R O C E S S  ---------------

Threads class SMR info:
_java_thread_list=0x00007ffa8f71ee98, length=0, elements={
}

Java Threads: ( => current thread )

Other Threads:
  0x00000196a8b32500 GCTaskThread "GC Thread#0" [stack: 0x00000080c6600000,0x00000080c6700000] [id=13340]
  0x00000196a8b34b60 ConcurrentGCThread "G1 Main Marker" [stack: 0x00000080c6700000,0x00000080c6800000] [id=13048]
  0x00000196a8b35c20 ConcurrentGCThread "G1 Conc#0" [stack: 0x00000080c6800000,0x00000080c6900000] [id=15000]

[error occurred during error reporting (printing all threads), id 0xc0000005, EXCEPTION_ACCESS_VIOLATION (0xc0000005) at pc=0x00007ffa8eedf497]

VM state: not at safepoint (not fully initialized)

VM Mutex/Monitor currently owned by a thread:  ([mutex/lock_event])
[0x00000196a8b107c0] Heap_lock - owner thread: 0x00000196a8b14270

Heap address: 0x00000000fc000000, size: 64 MB, Compressed Oops mode: 32-bit

CDS archive(s) mapped at: [0x0000000000000000-0x0000000000000000-0x0000000000000000), size 0, SharedBaseAddress: 0x0000000800000000, ArchiveRelocationMode: 1.
Narrow klass base: 0x0000000000000000, Narrow klass shift: 0, Narrow klass range: 0x0

GC Precious Log:
<Empty>

Heap:
 garbage-first heap   total 0K, used 0K [0x00000000fc000000, 0x0000000100000000)
  region size 1024K, 0 young (0K), 0 survivors (0K)

[error occurred during error reporting (printing heap information), id 0xc0000005, EXCEPTION_ACCESS_VIOLATION (0xc0000005) at pc=0x00007ffa8f2c6c79]

GC Heap History (0 events):
No events

Dll operation events (1 events):
Event: 0.015 Loaded shared library C:\Program Files\OpenLogic\jdk-17.0.9.9-hotspot\bin\java.dll

Deoptimization events (0 events):
No events

Classes unloaded (0 events):
No events

Classes redefined (0 events):
No events

Internal exceptions (0 events):
No events

VM Operations (0 events):
No events

Events (0 events):
No events


Dynamic libraries:
0x00007ff718bd0000 - 0x00007ff718bde000 	C:\Program Files\OpenLogic\jdk-17.0.9.9-hotspot\bin\java.exe
0x00007ffacc270000 - 0x00007ffacc468000 	C:\WINDOWS\SYSTEM32\ntdll.dll
0x00007ffaca300000 - 0x00007ffaca3c1000 	C:\WINDOWS\System32\KERNEL32.DLL
0x00007ffac9b20000 - 0x00007ffac9e1d000 	C:\WINDOWS\System32\KERNELBASE.dll
0x00007ffac9980000 - 0x00007ffac9a80000 	C:\WINDOWS\System32\ucrtbase.dll
0x00007ffabbe50000 - 0x00007ffabbe67000 	C:\Program Files\OpenLogic\jdk-17.0.9.9-hotspot\bin\jli.dll
0x00007ffabb250000 - 0x00007ffabb26b000 	C:\Program Files\OpenLogic\jdk-17.0.9.9-hotspot\bin\VCRUNTIME140.dll
0x00007ffacae10000 - 0x00007ffacafad000 	C:\WINDOWS\System32\USER32.dll
0x00007ffac9920000 - 0x00007ffac9942000 	C:\WINDOWS\System32\win32u.dll
0x00007ffacab70000 - 0x00007ffacab9b000 	C:\WINDOWS\System32\GDI32.dll
0x00007ffab6320000 - 0x00007ffab65ba000 	C:\WINDOWS\WinSxS\amd64_microsoft.windows.common-controls_6595b64144ccf1df_6.0.19041.4355_none_60b8b9eb71f62e16\COMCTL32.dll
0x00007ffaca180000 - 0x00007ffaca297000 	C:\WINDOWS\System32\gdi32full.dll
0x00007ffacac50000 - 0x00007ffacacee000 	C:\WINDOWS\System32\msvcrt.dll
0x00007ffac9a80000 - 0x00007ffac9b1d000 	C:\WINDOWS\System32\msvcp_win.dll
0x00007ffaca3d0000 - 0x00007ffaca3ff000 	C:\WINDOWS\System32\IMM32.DLL
0x00007ffac07d0000 - 0x00007ffac07dc000 	C:\Program Files\OpenLogic\jdk-17.0.9.9-hotspot\bin\vcruntime140_1.dll
0x00007ffaa4b60000 - 0x00007ffaa4bed000 	C:\Program Files\OpenLogic\jdk-17.0.9.9-hotspot\bin\msvcp140.dll
0x00007ffa8ebf0000 - 0x00007ffa8f851000 	C:\Program Files\OpenLogic\jdk-17.0.9.9-hotspot\bin\server\jvm.dll
0x00007ffacaac0000 - 0x00007ffacab70000 	C:\WINDOWS\System32\ADVAPI32.dll
0x00007ffaca5b0000 - 0x00007ffaca650000 	C:\WINDOWS\System32\sechost.dll
0x00007ffacc100000 - 0x00007ffacc223000 	C:\WINDOWS\System32\RPCRT4.dll
0x00007ffac9950000 - 0x00007ffac9977000 	C:\WINDOWS\System32\bcrypt.dll
0x00007ffac8e80000 - 0x00007ffac8ecb000 	C:\WINDOWS\SYSTEM32\POWRPROF.dll
0x00007ffab7200000 - 0x00007ffab7227000 	C:\WINDOWS\SYSTEM32\WINMM.dll
0x00007ffaaf790000 - 0x00007ffaaf799000 	C:\WINDOWS\SYSTEM32\WSOCK32.dll
0x00007ffac2160000 - 0x00007ffac216a000 	C:\WINDOWS\SYSTEM32\VERSION.dll
0x00007ffaca540000 - 0x00007ffaca5ab000 	C:\WINDOWS\System32\WS2_32.dll
0x00007ffac8cf0000 - 0x00007ffac8d02000 	C:\WINDOWS\SYSTEM32\UMPDC.dll
0x00007ffac7720000 - 0x00007ffac7732000 	C:\WINDOWS\SYSTEM32\kernel.appcore.dll
0x00007ffabbe00000 - 0x00007ffabbe0a000 	C:\Program Files\OpenLogic\jdk-17.0.9.9-hotspot\bin\jimage.dll
0x00007ffabcec0000 - 0x00007ffabd0a4000 	C:\WINDOWS\SYSTEM32\DBGHELP.DLL
0x00007ffabf890000 - 0x00007ffabf8c4000 	C:\WINDOWS\SYSTEM32\dbgcore.DLL
0x00007ffaca0f0000 - 0x00007ffaca172000 	C:\WINDOWS\System32\bcryptPrimitives.dll
0x00007ffab0900000 - 0x00007ffab0925000 	C:\Program Files\OpenLogic\jdk-17.0.9.9-hotspot\bin\java.dll

dbghelp: loaded successfully - version: 4.0.5 - missing functions: none
symbol engine: initialized successfully - sym options: 0x614 - pdb path: .;C:\Program Files\OpenLogic\jdk-17.0.9.9-hotspot\bin;C:\WINDOWS\SYSTEM32;C:\WINDOWS\WinSxS\amd64_microsoft.windows.common-controls_6595b64144ccf1df_6.0.19041.4355_none_60b8b9eb71f62e16;C:\Program Files\OpenLogic\jdk-17.0.9.9-hotspot\bin\server

VM Arguments:
jvm_args: -Xmx64m -Xms64m -Dorg.gradle.appname=gradlew 
java_command: org.gradle.wrapper.GradleWrapperMain app:installDebug -PreactNativeDevServerPort=8081
java_class_path (initial): E:\ReactNative Learning\TrackerApp\android\\gradle\wrapper\gradle-wrapper.jar
Launcher Type: SUN_STANDARD

[Global flags]
     intx CICompilerCount                          = 3                                         {product} {ergonomic}
     uint ConcGCThreads                            = 1                                         {product} {ergonomic}
     uint G1ConcRefinementThreads                  = 4                                         {product} {ergonomic}
   size_t G1HeapRegionSize                         = 1048576                                   {product} {ergonomic}
    uintx GCDrainStackTargetSize                   = 64                                        {product} {ergonomic}
   size_t InitialHeapSize                          = 67108864                                  {product} {command line}
   size_t MarkStackSize                            = 4194304                                   {product} {ergonomic}
   size_t MaxHeapSize                              = 67108864                                  {product} {command line}
   size_t MinHeapDeltaBytes                        = 1048576                                   {product} {ergonomic}
   size_t MinHeapSize                              = 67108864                                  {product} {command line}
    uintx NonNMethodCodeHeapSize                   = 5832780                                {pd product} {ergonomic}
    uintx NonProfiledCodeHeapSize                  = 122912730                              {pd product} {ergonomic}
    uintx ProfiledCodeHeapSize                     = 122912730                              {pd product} {ergonomic}
    uintx ReservedCodeCacheSize                    = 251658240                              {pd product} {ergonomic}
     bool SegmentedCodeCache                       = true                                      {product} {ergonomic}
   size_t SoftMaxHeapSize                          = 67108864                               {manageable} {ergonomic}
     bool UseCompressedClassPointers               = true                           {product lp64_product} {ergonomic}
     bool UseCompressedOops                        = true                           {product lp64_product} {ergonomic}
     bool UseG1GC                                  = true                                      {product} {ergonomic}
     bool UseLargePagesIndividualAllocation        = false                                  {pd product} {ergonomic}

Logging:
Log output configuration:
 #0: stdout all=warning uptime,level,tags
 #1: stderr all=off uptime,level,tags

Environment Variables:
JAVA_HOME=C:\Program Files\OpenLogic\jdk-17.0.9.9-hotspot\
CLASSPATH=E:\ReactNative Learning\TrackerApp\android\\gradle\wrapper\gradle-wrapper.jar
PATH=E:\ReactNative Learning\TrackerApp\node_modules\.bin;E:\ReactNative Learning\TrackerApp\node_modules\.bin;E:\ReactNative Learning\node_modules\.bin;E:\node_modules\.bin;C:\Users\Veetrag\AppData\Roaming\nvm\v20.11.1\node_modules\npm\node_modules\@npmcli\run-script\lib\node-gyp-bin;C:\Program Files\OpenLogic\jdk-17.0.9.9-hotspot\bin;C:\Python311\Scripts\;C:\Python311\;C:\WINDOWS\system32;C:\WINDOWS;C:\WINDOWS\System32\Wbem;C:\WINDOWS\System32\WindowsPowerShell\v1.0\;C:\WINDOWS\System32\OpenSSH\;C:\ProgramData\chocolatey\bin;C:\Program Files\Git\cmd;C:\Program Files\Docker\Docker\resources\bin;C:\Program Files\MongoDB\Server\6.0\bin;C:\mongosh\mongosh-1.9.0-win32-x64\bin;C:\Users\Veetrag\AppData\Roaming\nvm;C:\Program Files\nodejs;C:\Users\Veetrag\AppData\Local\Android\Sdk\platform-tools;C:\Users\Veetrag\AppData\Local\Android\Sdk;C:\Users\Veetrag\AppData\Local\Microsoft\WindowsApps;C:\Users\Veetrag\AppData\Local\Programs\Microsoft VS Code\bin;C:\Users\Veetrag\AppData\Roaming\npm;C:\Users\Veetrag\AppData\Roaming\nvm;C:\Program Files\nodejs;C:\Users\Veetrag\AppData\Local\Android\Sdk;C:\Users\Veetrag\AppData\Local\Android\Sdk\platform-tools;
USERNAME=Veetrag
OS=Windows_NT
PROCESSOR_IDENTIFIER=Intel64 Family 6 Model 61 Stepping 4, GenuineIntel
TMP=C:\Users\Veetrag\AppData\Local\Temp
TEMP=C:\Users\Veetrag\AppData\Local\Temp



Periodic native trim disabled


---------------  S Y S T E M  ---------------

OS:
 Windows 10 , 64 bit Build 19041 (10.0.19041.4842)
OS uptime: 0 days 8:47 hours
Hyper-V role detected

CPU: total 4 (initial active 4) (2 cores per cpu, 2 threads per core) family 6 model 61 stepping 4 microcode 0x2d, cx8, cmov, fxsr, ht, mmx, 3dnowpref, sse, sse2, sse3, ssse3, sse4.1, sse4.2, popcnt, lzcnt, tsc, tscinvbit, avx, avx2, aes, erms, clmul, bmi1, bmi2, adx, fma, vzeroupper, clflush, hv
Processor Information for all 4 processors :
  Max Mhz: 2201, Current Mhz: 2201, Mhz Limit: 2201

Memory: 4k page, system-wide physical 8102M (1123M free)
TotalPageFile size 10150M (AvailPageFile size 54M)
current process WorkingSet (physical memory assigned to process): 11M, peak: 11M
current process commit charge ("private bytes"): 51M, peak: 115M

vm_info: OpenJDK 64-Bit Server VM (17.0.9+9-adhoc..jdk17u) for windows-amd64 JRE (17.0.9+9-adhoc..jdk17u), built on Oct 18 2023 11:34:43 by "" with MS VC++ 16.10 / 16.11 (VS2019)

END.
